<?xml version="1.0" encoding="UTF-8"?>
<testsuites>
  <testsuite name="/var/www/html/phpunit.xml" tests="28" assertions="78" errors="0" failures="0" skipped="0" time="0.064867">
    <testsuite name="Application Tests" tests="28" assertions="78" errors="0" failures="0" skipped="0" time="0.064867">
      <testsuite name="App\Tests\Application\Query\FindCarQueryTest" file="/var/www/html/tests/Application/Query/FindCarQueryTest.php" tests="4" assertions="4" errors="0" failures="0" skipped="0" time="0.007960">
        <testcase name="testInvalidPatternRegistrationNumber" file="/var/www/html/tests/Application/Query/FindCarQueryTest.php" line="42" class="App\Tests\Application\Query\FindCarQueryTest" classname="App.Tests.Application.Query.FindCarQueryTest" assertions="1" time="0.005605"/>
        <testcase name="testRegistrationNumberCannotBeBlank" file="/var/www/html/tests/Application/Query/FindCarQueryTest.php" line="29" class="App\Tests\Application\Query\FindCarQueryTest" classname="App.Tests.Application.Query.FindCarQueryTest" assertions="1" time="0.000733"/>
        <testcase name="testValidRegistrationNumber" file="/var/www/html/tests/Application/Query/FindCarQueryTest.php" line="19" class="App\Tests\Application\Query\FindCarQueryTest" classname="App.Tests.Application.Query.FindCarQueryTest" assertions="1" time="0.000874"/>
        <testcase name="testAnotherInvalidPatternRegistrationNumber" file="/var/www/html/tests/Application/Query/FindCarQueryTest.php" line="58" class="App\Tests\Application\Query\FindCarQueryTest" classname="App.Tests.Application.Query.FindCarQueryTest" assertions="1" time="0.000748"/>
      </testsuite>
      <testsuite name="App\Tests\Application\CommandHandler\UpdateCarHandlerTest" file="/var/www/html/tests/Application/CommandHandler/UpdateCarHandlerTest.php" tests="3" assertions="16" errors="0" failures="0" skipped="0" time="0.008930">
        <testcase name="testHandleThrowsRuntimeExceptionOnError" file="/var/www/html/tests/Application/CommandHandler/UpdateCarHandlerTest.php" line="103" class="App\Tests\Application\CommandHandler\UpdateCarHandlerTest" classname="App.Tests.Application.CommandHandler.UpdateCarHandlerTest" assertions="4" time="0.005244"/>
        <testcase name="testHandleCarNotFound" file="/var/www/html/tests/Application/CommandHandler/UpdateCarHandlerTest.php" line="67" class="App\Tests\Application\CommandHandler\UpdateCarHandlerTest" classname="App.Tests.Application.CommandHandler.UpdateCarHandlerTest" assertions="6" time="0.001248"/>
        <testcase name="testHandleSuccessfullyUpdatesCar" file="/var/www/html/tests/Application/CommandHandler/UpdateCarHandlerTest.php" line="29" class="App\Tests\Application\CommandHandler\UpdateCarHandlerTest" classname="App.Tests.Application.CommandHandler.UpdateCarHandlerTest" assertions="6" time="0.002438"/>
      </testsuite>
      <testsuite name="App\Tests\Application\QueryHandler\FindCarHandlerTest" file="/var/www/html/tests/Application/QueryHandler/FindCarHandlerTest.php" tests="3" assertions="17" errors="0" failures="0" skipped="0" time="0.003990">
        <testcase name="testHandleSuccessfullyFindsCar" file="/var/www/html/tests/Application/QueryHandler/FindCarHandlerTest.php" line="29" class="App\Tests\Application\QueryHandler\FindCarHandlerTest" classname="App.Tests.Application.QueryHandler.FindCarHandlerTest" assertions="6" time="0.002118"/>
        <testcase name="testHandleThrowsRuntimeExceptionOnError" file="/var/www/html/tests/Application/QueryHandler/FindCarHandlerTest.php" line="90" class="App\Tests\Application\QueryHandler\FindCarHandlerTest" classname="App.Tests.Application.QueryHandler.FindCarHandlerTest" assertions="5" time="0.000990"/>
        <testcase name="testHandleCarNotFoundThrowsException" file="/var/www/html/tests/Application/QueryHandler/FindCarHandlerTest.php" line="61" class="App\Tests\Application\QueryHandler\FindCarHandlerTest" classname="App.Tests.Application.QueryHandler.FindCarHandlerTest" assertions="6" time="0.000882"/>
      </testsuite>
      <testsuite name="App\Tests\Application\Command\RemoveServiceHistoryCommandTest" file="/var/www/html/tests/Application/Command/RemoveServiceHistoryCommandTest.php" tests="1" assertions="1" errors="0" failures="0" skipped="0" time="0.000545">
        <testcase name="testRemoveServiceHistoryCommand" file="/var/www/html/tests/Application/Command/RemoveServiceHistoryCommandTest.php" line="10" class="App\Tests\Application\Command\RemoveServiceHistoryCommandTest" classname="App.Tests.Application.Command.RemoveServiceHistoryCommandTest" assertions="1" time="0.000545"/>
      </testsuite>
      <testsuite name="App\Tests\Application\Command\UpdateCarCommandTest" file="/var/www/html/tests/Application/Command/UpdateCarCommandTest.php" tests="2" assertions="6" errors="0" failures="0" skipped="0" time="0.010607">
        <testcase name="testUpdateCarCommandWithNullValues" file="/var/www/html/tests/Application/Command/UpdateCarCommandTest.php" line="25" class="App\Tests\Application\Command\UpdateCarCommandTest" classname="App.Tests.Application.Command.UpdateCarCommandTest" assertions="3" time="0.000532"/>
        <testcase name="testUpdateCarCommand" file="/var/www/html/tests/Application/Command/UpdateCarCommandTest.php" line="10" class="App\Tests\Application\Command\UpdateCarCommandTest" classname="App.Tests.Application.Command.UpdateCarCommandTest" assertions="3" time="0.010075"/>
      </testsuite>
      <testsuite name="App\Tests\Domain\Car\CarTest" file="/var/www/html/tests/Domain/Car/CarTest.php" tests="6" assertions="11" errors="0" failures="0" skipped="0" time="0.010356">
        <testcase name="testAddServiceHistory" file="/var/www/html/tests/Domain/Car/CarTest.php" line="44" class="App\Tests\Domain\Car\CarTest" classname="App.Tests.Domain.Car.CarTest" assertions="1" time="0.004933"/>
        <testcase name="testAddFutureServiceHistory" file="/var/www/html/tests/Domain/Car/CarTest.php" line="53" class="App\Tests\Domain\Car\CarTest" classname="App.Tests.Domain.Car.CarTest" assertions="2" time="0.001145"/>
        <testcase name="testIsFitForRoad" file="/var/www/html/tests/Domain/Car/CarTest.php" line="39" class="App\Tests\Domain\Car\CarTest" classname="App.Tests.Domain.Car.CarTest" assertions="1" time="0.000928"/>
        <testcase name="testCarInitialization" file="/var/www/html/tests/Domain/Car/CarTest.php" line="32" class="App\Tests\Domain\Car\CarTest" classname="App.Tests.Domain.Car.CarTest" assertions="3" time="0.000996"/>
        <testcase name="testUpdateDetails" file="/var/www/html/tests/Domain/Car/CarTest.php" line="64" class="App\Tests\Domain\Car\CarTest" classname="App.Tests.Domain.Car.CarTest" assertions="2" time="0.001170"/>
        <testcase name="testCannotAddServiceHistoryWithFutureDate" file="/var/www/html/tests/Domain/Car/CarTest.php" line="71" class="App\Tests\Domain\Car\CarTest" classname="App.Tests.Domain.Car.CarTest" assertions="2" time="0.001184"/>
      </testsuite>
      <testsuite name="App\Tests\Application\Command\AddServiceHistoryCommandTest" file="/var/www/html/tests/Application/Command/AddServiceHistoryCommandTest.php" tests="1" assertions="1" errors="0" failures="0" skipped="0" time="0.010806">
        <testcase name="testAddServiceHistoryCommand" file="/var/www/html/tests/Application/Command/AddServiceHistoryCommandTest.php" line="11" class="App\Tests\Application\Command\AddServiceHistoryCommandTest" classname="App.Tests.Application.Command.AddServiceHistoryCommandTest" assertions="1" time="0.010806"/>
      </testsuite>
      <testsuite name="App\Tests\Application\Command\AddCarCommandTest" file="/var/www/html/tests/Application/Command/AddCarCommandTest.php" tests="1" assertions="1" errors="0" failures="0" skipped="0" time="0.001210">
        <testcase name="testAddCarCommand" file="/var/www/html/tests/Application/Command/AddCarCommandTest.php" line="11" class="App\Tests\Application\Command\AddCarCommandTest" classname="App.Tests.Application.Command.AddCarCommandTest" assertions="1" time="0.001210"/>
      </testsuite>
      <testsuite name="App\Tests\Application\CommandHandler\RemoveCarHandlerTest" file="/var/www/html/tests/Application/CommandHandler/RemoveCarHandlerTest.php" tests="3" assertions="15" errors="0" failures="0" skipped="0" time="0.004225">
        <testcase name="testHandleCarNotFound" file="/var/www/html/tests/Application/CommandHandler/RemoveCarHandlerTest.php" line="62" class="App\Tests\Application\CommandHandler\RemoveCarHandlerTest" classname="App.Tests.Application.CommandHandler.RemoveCarHandlerTest" assertions="6" time="0.001667"/>
        <testcase name="testHandleSuccessfullyRemovesCar" file="/var/www/html/tests/Application/CommandHandler/RemoveCarHandlerTest.php" line="31" class="App\Tests\Application\CommandHandler\RemoveCarHandlerTest" classname="App.Tests.Application.CommandHandler.RemoveCarHandlerTest" assertions="5" time="0.001341"/>
        <testcase name="testHandleThrowsRuntimeExceptionOnError" file="/var/www/html/tests/Application/CommandHandler/RemoveCarHandlerTest.php" line="100" class="App\Tests\Application\CommandHandler\RemoveCarHandlerTest" classname="App.Tests.Application.CommandHandler.RemoveCarHandlerTest" assertions="4" time="0.001218"/>
      </testsuite>
      <testsuite name="App\Tests\Application\Command\RemoveCarCommandTest" file="/var/www/html/tests/Application/Command/RemoveCarCommandTest.php" tests="1" assertions="1" errors="0" failures="0" skipped="0" time="0.000493">
        <testcase name="testRemoveCarCommand" file="/var/www/html/tests/Application/Command/RemoveCarCommandTest.php" line="10" class="App\Tests\Application\Command\RemoveCarCommandTest" classname="App.Tests.Application.Command.RemoveCarCommandTest" assertions="1" time="0.000493"/>
      </testsuite>
      <testsuite name="App\Tests\Application\CommandHandler\AddCarHandlerTest" file="/var/www/html/tests/Application/CommandHandler/AddCarHandlerTest.php" tests="3" assertions="5" errors="0" failures="0" skipped="0" time="0.005746">
        <testcase name="testHandleSuccessfullyAddsCar" file="/var/www/html/tests/Application/CommandHandler/AddCarHandlerTest.php" line="36" class="App\Tests\Application\CommandHandler\AddCarHandlerTest" classname="App.Tests.Application.CommandHandler.AddCarHandlerTest" assertions="1" time="0.003492"/>
        <testcase name="testHandleThrowsRuntimeExceptionOnGeneralError" file="/var/www/html/tests/Application/CommandHandler/AddCarHandlerTest.php" line="91" class="App\Tests\Application\CommandHandler\AddCarHandlerTest" classname="App.Tests.Application.CommandHandler.AddCarHandlerTest" assertions="2" time="0.001235"/>
        <testcase name="testHandleThrowsDomainExceptionForDuplicateRegistration" file="/var/www/html/tests/Application/CommandHandler/AddCarHandlerTest.php" line="67" class="App\Tests\Application\CommandHandler\AddCarHandlerTest" classname="App.Tests.Application.CommandHandler.AddCarHandlerTest" assertions="2" time="0.001019"/>
      </testsuite>
    </testsuite>
  </testsuite>
</testsuites>
