<?xml version="1.0" encoding="UTF-8"?>
<testsuites>
  <testsuite name="/var/www/html/phpunit.xml" tests="110" assertions="306" errors="0" failures="0" skipped="0" time="0.652020">
    <testsuite name="Unit" tests="110" assertions="306" errors="0" failures="0" skipped="0" time="0.652020">
      <testsuite name="App\Tests\Application\Command\AddCarCommandTest" file="/var/www/html/tests/Application/Command/AddCarCommandTest.php" tests="1" assertions="1" errors="0" failures="0" skipped="0" time="0.077421">
        <testcase name="testAddCarCommand" file="/var/www/html/tests/Application/Command/AddCarCommandTest.php" line="11" class="App\Tests\Application\Command\AddCarCommandTest" classname="App.Tests.Application.Command.AddCarCommandTest" assertions="1" time="0.077421"/>
      </testsuite>
      <testsuite name="App\Tests\Application\Command\AddServiceHistoryCommandTest" file="/var/www/html/tests/Application/Command/AddServiceHistoryCommandTest.php" tests="1" assertions="1" errors="0" failures="0" skipped="0" time="0.017594">
        <testcase name="testAddServiceHistoryCommand" file="/var/www/html/tests/Application/Command/AddServiceHistoryCommandTest.php" line="11" class="App\Tests\Application\Command\AddServiceHistoryCommandTest" classname="App.Tests.Application.Command.AddServiceHistoryCommandTest" assertions="1" time="0.017594"/>
      </testsuite>
      <testsuite name="App\Tests\Application\Command\RemoveCarCommandTest" file="/var/www/html/tests/Application/Command/RemoveCarCommandTest.php" tests="1" assertions="1" errors="0" failures="0" skipped="0" time="0.002768">
        <testcase name="testRemoveCarCommand" file="/var/www/html/tests/Application/Command/RemoveCarCommandTest.php" line="10" class="App\Tests\Application\Command\RemoveCarCommandTest" classname="App.Tests.Application.Command.RemoveCarCommandTest" assertions="1" time="0.002768"/>
      </testsuite>
      <testsuite name="App\Tests\Application\Command\RemoveServiceHistoryCommandTest" file="/var/www/html/tests/Application/Command/RemoveServiceHistoryCommandTest.php" tests="1" assertions="1" errors="0" failures="0" skipped="0" time="0.002655">
        <testcase name="testRemoveServiceHistoryCommand" file="/var/www/html/tests/Application/Command/RemoveServiceHistoryCommandTest.php" line="10" class="App\Tests\Application\Command\RemoveServiceHistoryCommandTest" classname="App.Tests.Application.Command.RemoveServiceHistoryCommandTest" assertions="1" time="0.002655"/>
      </testsuite>
      <testsuite name="App\Tests\Application\Command\UpdateCarCommandTest" file="/var/www/html/tests/Application/Command/UpdateCarCommandTest.php" tests="2" assertions="6" errors="0" failures="0" skipped="0" time="0.006722">
        <testcase name="testUpdateCarCommand" file="/var/www/html/tests/Application/Command/UpdateCarCommandTest.php" line="10" class="App\Tests\Application\Command\UpdateCarCommandTest" classname="App.Tests.Application.Command.UpdateCarCommandTest" assertions="3" time="0.004376"/>
        <testcase name="testUpdateCarCommandWithNullValues" file="/var/www/html/tests/Application/Command/UpdateCarCommandTest.php" line="25" class="App\Tests\Application\Command\UpdateCarCommandTest" classname="App.Tests.Application.Command.UpdateCarCommandTest" assertions="3" time="0.002346"/>
      </testsuite>
      <testsuite name="App\Tests\Application\CommandHandler\AddCarHandlerTest" file="/var/www/html/tests/Application/CommandHandler/AddCarHandlerTest.php" tests="4" assertions="7" errors="0" failures="0" skipped="0" time="0.085300">
        <testcase name="testHandleSuccessfullyAddsCar" file="/var/www/html/tests/Application/CommandHandler/AddCarHandlerTest.php" line="36" class="App\Tests\Application\CommandHandler\AddCarHandlerTest" classname="App.Tests.Application.CommandHandler.AddCarHandlerTest" assertions="1" time="0.074605"/>
        <testcase name="testHandleThrowsDomainExceptionForDuplicateRegistration" file="/var/www/html/tests/Application/CommandHandler/AddCarHandlerTest.php" line="67" class="App\Tests\Application\CommandHandler\AddCarHandlerTest" classname="App.Tests.Application.CommandHandler.AddCarHandlerTest" assertions="2" time="0.004638"/>
        <testcase name="testHandleThrowsRuntimeExceptionOnGeneralError" file="/var/www/html/tests/Application/CommandHandler/AddCarHandlerTest.php" line="91" class="App\Tests\Application\CommandHandler\AddCarHandlerTest" classname="App.Tests.Application.CommandHandler.AddCarHandlerTest" assertions="2" time="0.003501"/>
        <testcase name="testHandleExceptionForInvalidDateFormat" file="/var/www/html/tests/Application/CommandHandler/AddCarHandlerTest.php" line="111" class="App\Tests\Application\CommandHandler\AddCarHandlerTest" classname="App.Tests.Application.CommandHandler.AddCarHandlerTest" assertions="2" time="0.002557"/>
      </testsuite>
      <testsuite name="App\Tests\Application\CommandHandler\AddServiceHistoryHandlerTest" file="/var/www/html/tests/Application/CommandHandler/AddServiceHistoryHandlerTest.php" tests="3" assertions="15" errors="0" failures="0" skipped="0" time="0.022786">
        <testcase name="testHandleSuccessfullyAddsServiceHistory" file="/var/www/html/tests/Application/CommandHandler/AddServiceHistoryHandlerTest.php" line="35" class="App\Tests\Application\CommandHandler\AddServiceHistoryHandlerTest" classname="App.Tests.Application.CommandHandler.AddServiceHistoryHandlerTest" assertions="6" time="0.017459"/>
        <testcase name="testHandleThrowsExceptionWhenCarNotFound" file="/var/www/html/tests/Application/CommandHandler/AddServiceHistoryHandlerTest.php" line="69" class="App\Tests\Application\CommandHandler\AddServiceHistoryHandlerTest" classname="App.Tests.Application.CommandHandler.AddServiceHistoryHandlerTest" assertions="4" time="0.002652"/>
        <testcase name="testHandleThrowsRuntimeExceptionOnGeneralError" file="/var/www/html/tests/Application/CommandHandler/AddServiceHistoryHandlerTest.php" line="93" class="App\Tests\Application\CommandHandler\AddServiceHistoryHandlerTest" classname="App.Tests.Application.CommandHandler.AddServiceHistoryHandlerTest" assertions="5" time="0.002676"/>
      </testsuite>
      <testsuite name="App\Tests\Application\CommandHandler\RemoveCarHandlerTest" file="/var/www/html/tests/Application/CommandHandler/RemoveCarHandlerTest.php" tests="3" assertions="15" errors="0" failures="0" skipped="0" time="0.012184">
        <testcase name="testHandleSuccessfullyRemovesCar" file="/var/www/html/tests/Application/CommandHandler/RemoveCarHandlerTest.php" line="31" class="App\Tests\Application\CommandHandler\RemoveCarHandlerTest" classname="App.Tests.Application.CommandHandler.RemoveCarHandlerTest" assertions="5" time="0.007291"/>
        <testcase name="testHandleCarNotFound" file="/var/www/html/tests/Application/CommandHandler/RemoveCarHandlerTest.php" line="62" class="App\Tests\Application\CommandHandler\RemoveCarHandlerTest" classname="App.Tests.Application.CommandHandler.RemoveCarHandlerTest" assertions="6" time="0.002524"/>
        <testcase name="testHandleThrowsRuntimeExceptionOnError" file="/var/www/html/tests/Application/CommandHandler/RemoveCarHandlerTest.php" line="100" class="App\Tests\Application\CommandHandler\RemoveCarHandlerTest" classname="App.Tests.Application.CommandHandler.RemoveCarHandlerTest" assertions="4" time="0.002369"/>
      </testsuite>
      <testsuite name="App\Tests\Application\CommandHandler\RemoveServiceHistoryHandlerTest" file="/var/www/html/tests/Application/CommandHandler/RemoveServiceHistoryHandlerTest.php" tests="3" assertions="9" errors="0" failures="0" skipped="0" time="0.012257">
        <testcase name="testHandleSuccessfullyRemovesServiceHistory" file="/var/www/html/tests/Application/CommandHandler/RemoveServiceHistoryHandlerTest.php" line="28" class="App\Tests\Application\CommandHandler\RemoveServiceHistoryHandlerTest" classname="App.Tests.Application.CommandHandler.RemoveServiceHistoryHandlerTest" assertions="2" time="0.007141"/>
        <testcase name="testHandleThrowsExceptionWhenServiceHistoryNotFound" file="/var/www/html/tests/Application/CommandHandler/RemoveServiceHistoryHandlerTest.php" line="49" class="App\Tests\Application\CommandHandler\RemoveServiceHistoryHandlerTest" classname="App.Tests.Application.CommandHandler.RemoveServiceHistoryHandlerTest" assertions="3" time="0.002601"/>
        <testcase name="testHandleThrowsRuntimeExceptionOnGeneralError" file="/var/www/html/tests/Application/CommandHandler/RemoveServiceHistoryHandlerTest.php" line="72" class="App\Tests\Application\CommandHandler\RemoveServiceHistoryHandlerTest" classname="App.Tests.Application.CommandHandler.RemoveServiceHistoryHandlerTest" assertions="4" time="0.002516"/>
      </testsuite>
      <testsuite name="App\Tests\Application\CommandHandler\UpdateCarHandlerTest" file="/var/www/html/tests/Application/CommandHandler/UpdateCarHandlerTest.php" tests="3" assertions="16" errors="0" failures="0" skipped="0" time="0.012185">
        <testcase name="testHandleSuccessfullyUpdatesCar" file="/var/www/html/tests/Application/CommandHandler/UpdateCarHandlerTest.php" line="29" class="App\Tests\Application\CommandHandler\UpdateCarHandlerTest" classname="App.Tests.Application.CommandHandler.UpdateCarHandlerTest" assertions="6" time="0.007233"/>
        <testcase name="testHandleCarNotFound" file="/var/www/html/tests/Application/CommandHandler/UpdateCarHandlerTest.php" line="67" class="App\Tests\Application\CommandHandler\UpdateCarHandlerTest" classname="App.Tests.Application.CommandHandler.UpdateCarHandlerTest" assertions="6" time="0.002532"/>
        <testcase name="testHandleThrowsRuntimeExceptionOnError" file="/var/www/html/tests/Application/CommandHandler/UpdateCarHandlerTest.php" line="103" class="App\Tests\Application\CommandHandler\UpdateCarHandlerTest" classname="App.Tests.Application.CommandHandler.UpdateCarHandlerTest" assertions="4" time="0.002420"/>
      </testsuite>
      <testsuite name="App\Tests\Application\DTO\CarDTOTest" file="/var/www/html/tests/Application/DTO/CarDTOTest.php" tests="5" assertions="5" errors="0" failures="0" skipped="0" time="0.031214">
        <testcase name="testValidCarDTO" file="/var/www/html/tests/Application/DTO/CarDTOTest.php" line="21" class="App\Tests\Application\DTO\CarDTOTest" classname="App.Tests.Application.DTO.CarDTOTest" assertions="1" time="0.014359"/>
        <testcase name="testMakeCannotBeBlank" file="/var/www/html/tests/Application/DTO/CarDTOTest.php" line="41" class="App\Tests\Application\DTO\CarDTOTest" classname="App.Tests.Application.DTO.CarDTOTest" assertions="1" time="0.008045"/>
        <testcase name="testModelCannotBeBlank" file="/var/www/html/tests/Application/DTO/CarDTOTest.php" line="64" class="App\Tests\Application\DTO\CarDTOTest" classname="App.Tests.Application.DTO.CarDTOTest" assertions="1" time="0.002705"/>
        <testcase name="testRegistrationNumberCannotBeBlank" file="/var/www/html/tests/Application/DTO/CarDTOTest.php" line="87" class="App\Tests\Application\DTO\CarDTOTest" classname="App.Tests.Application.DTO.CarDTOTest" assertions="1" time="0.002598"/>
        <testcase name="testRegistrationNumberPatternInvalid" file="/var/www/html/tests/Application/DTO/CarDTOTest.php" line="110" class="App\Tests\Application\DTO\CarDTOTest" classname="App.Tests.Application.DTO.CarDTOTest" assertions="1" time="0.003507"/>
      </testsuite>
      <testsuite name="App\Tests\Application\DTO\FitnessDTOTest" file="/var/www/html/tests/Application/DTO/FitnessDTOTest.php" tests="4" assertions="7" errors="0" failures="0" skipped="0" time="0.020735">
        <testcase name="testValidFitnessDTO" file="/var/www/html/tests/Application/DTO/FitnessDTOTest.php" line="22" class="App\Tests\Application\DTO\FitnessDTOTest" classname="App.Tests.Application.DTO.FitnessDTOTest" assertions="1" time="0.011587"/>
        <testcase name="testIssuedDateCannotBeInTheFuture" file="/var/www/html/tests/Application/DTO/FitnessDTOTest.php" line="34" class="App\Tests\Application\DTO\FitnessDTOTest" classname="App.Tests.Application.DTO.FitnessDTOTest" assertions="2" time="0.004274"/>
        <testcase name="testValidUntilDateMustBeLaterThanIssuedDate" file="/var/www/html/tests/Application/DTO/FitnessDTOTest.php" line="47" class="App\Tests\Application\DTO\FitnessDTOTest" classname="App.Tests.Application.DTO.FitnessDTOTest" assertions="2" time="0.002476"/>
        <testcase name="testInvalidDateFormatForIssued" file="/var/www/html/tests/Application/DTO/FitnessDTOTest.php" line="60" class="App\Tests\Application\DTO\FitnessDTOTest" classname="App.Tests.Application.DTO.FitnessDTOTest" assertions="2" time="0.002398"/>
      </testsuite>
      <testsuite name="App\Tests\Application\DTO\InsuranceDTOTest" file="/var/www/html/tests/Application/DTO/InsuranceDTOTest.php" tests="4" assertions="7" errors="0" failures="0" skipped="0" time="0.013776">
        <testcase name="testValidInsuranceDTO" file="/var/www/html/tests/Application/DTO/InsuranceDTOTest.php" line="22" class="App\Tests\Application\DTO\InsuranceDTOTest" classname="App.Tests.Application.DTO.InsuranceDTOTest" assertions="1" time="0.004224"/>
        <testcase name="testInvalidInsuranceDTOWithFutureDateIssued" file="/var/www/html/tests/Application/DTO/InsuranceDTOTest.php" line="37" class="App\Tests\Application\DTO\InsuranceDTOTest" classname="App.Tests.Application.DTO.InsuranceDTOTest" assertions="2" time="0.003969"/>
        <testcase name="testInvalidInsuranceDTOWithWrongDateFormat" file="/var/www/html/tests/Application/DTO/InsuranceDTOTest.php" line="53" class="App\Tests\Application\DTO\InsuranceDTOTest" classname="App.Tests.Application.DTO.InsuranceDTOTest" assertions="2" time="0.002879"/>
        <testcase name="testInvalidInsuranceDTOWithDateExpiryBeforeDateIssued" file="/var/www/html/tests/Application/DTO/InsuranceDTOTest.php" line="69" class="App\Tests\Application\DTO\InsuranceDTOTest" classname="App.Tests.Application.DTO.InsuranceDTOTest" assertions="2" time="0.002704"/>
      </testsuite>
      <testsuite name="App\Tests\Application\DTO\RoadTaxDTOTest" file="/var/www/html/tests/Application/DTO/RoadTaxDTOTest.php" tests="5" assertions="9" errors="0" failures="0" skipped="0" time="0.012563">
        <testcase name="testValidRoadTaxDTO" file="/var/www/html/tests/Application/DTO/RoadTaxDTOTest.php" line="22" class="App\Tests\Application\DTO\RoadTaxDTOTest" classname="App.Tests.Application.DTO.RoadTaxDTOTest" assertions="1" time="0.002436"/>
        <testcase name="testInvalidIssuedDateInFuture" file="/var/www/html/tests/Application/DTO/RoadTaxDTOTest.php" line="33" class="App\Tests\Application\DTO\RoadTaxDTOTest" classname="App.Tests.Application.DTO.RoadTaxDTOTest" assertions="2" time="0.002780"/>
        <testcase name="testValidUntilDateBeforeIssuedDate" file="/var/www/html/tests/Application/DTO/RoadTaxDTOTest.php" line="45" class="App\Tests\Application\DTO\RoadTaxDTOTest" classname="App.Tests.Application.DTO.RoadTaxDTOTest" assertions="2" time="0.002377"/>
        <testcase name="testInvalidDateFormatForIssued" file="/var/www/html/tests/Application/DTO/RoadTaxDTOTest.php" line="57" class="App\Tests\Application\DTO\RoadTaxDTOTest" classname="App.Tests.Application.DTO.RoadTaxDTOTest" assertions="2" time="0.002547"/>
        <testcase name="testBlankValidUntilDate" file="/var/www/html/tests/Application/DTO/RoadTaxDTOTest.php" line="69" class="App\Tests\Application\DTO\RoadTaxDTOTest" classname="App.Tests.Application.DTO.RoadTaxDTOTest" assertions="2" time="0.002423"/>
      </testsuite>
      <testsuite name="App\Tests\Application\DTO\ServiceHistoryDTOTest" file="/var/www/html/tests/Application/DTO/ServiceHistoryDTOTest.php" tests="5" assertions="12" errors="0" failures="0" skipped="0" time="0.013827">
        <testcase name="testServiceHistoryDTOGetters" file="/var/www/html/tests/Application/DTO/ServiceHistoryDTOTest.php" line="22" class="App\Tests\Application\DTO\ServiceHistoryDTOTest" classname="App.Tests.Application.DTO.ServiceHistoryDTOTest" assertions="4" time="0.003999"/>
        <testcase name="testInvalidCarRegistrationNumber" file="/var/www/html/tests/Application/DTO/ServiceHistoryDTOTest.php" line="42" class="App\Tests\Application\DTO\ServiceHistoryDTOTest" classname="App.Tests.Application.DTO.ServiceHistoryDTOTest" assertions="2" time="0.002669"/>
        <testcase name="testInvalidDateFormat" file="/var/www/html/tests/Application/DTO/ServiceHistoryDTOTest.php" line="55" class="App\Tests\Application\DTO\ServiceHistoryDTOTest" classname="App.Tests.Application.DTO.ServiceHistoryDTOTest" assertions="2" time="0.002369"/>
        <testcase name="testFutureDateValidation" file="/var/www/html/tests/Application/DTO/ServiceHistoryDTOTest.php" line="68" class="App\Tests\Application\DTO\ServiceHistoryDTOTest" classname="App.Tests.Application.DTO.ServiceHistoryDTOTest" assertions="2" time="0.002355"/>
        <testcase name="testDescriptionTooShort" file="/var/www/html/tests/Application/DTO/ServiceHistoryDTOTest.php" line="81" class="App\Tests\Application\DTO\ServiceHistoryDTOTest" classname="App.Tests.Application.DTO.ServiceHistoryDTOTest" assertions="2" time="0.002434"/>
      </testsuite>
      <testsuite name="App\Tests\Application\Query\FindCarQueryTest" file="/var/www/html/tests/Application/Query/FindCarQueryTest.php" tests="4" assertions="4" errors="0" failures="0" skipped="0" time="0.011138">
        <testcase name="testValidRegistrationNumber" file="/var/www/html/tests/Application/Query/FindCarQueryTest.php" line="19" class="App\Tests\Application\Query\FindCarQueryTest" classname="App.Tests.Application.Query.FindCarQueryTest" assertions="1" time="0.003887"/>
        <testcase name="testRegistrationNumberCannotBeBlank" file="/var/www/html/tests/Application/Query/FindCarQueryTest.php" line="29" class="App\Tests\Application\Query\FindCarQueryTest" classname="App.Tests.Application.Query.FindCarQueryTest" assertions="1" time="0.002429"/>
        <testcase name="testInvalidPatternRegistrationNumber" file="/var/www/html/tests/Application/Query/FindCarQueryTest.php" line="42" class="App\Tests\Application\Query\FindCarQueryTest" classname="App.Tests.Application.Query.FindCarQueryTest" assertions="1" time="0.002364"/>
        <testcase name="testAnotherInvalidPatternRegistrationNumber" file="/var/www/html/tests/Application/Query/FindCarQueryTest.php" line="58" class="App\Tests\Application\Query\FindCarQueryTest" classname="App.Tests.Application.Query.FindCarQueryTest" assertions="1" time="0.002458"/>
      </testsuite>
      <testsuite name="App\Tests\Application\QueryHandler\FindCarHandlerTest" file="/var/www/html/tests/Application/QueryHandler/FindCarHandlerTest.php" tests="3" assertions="17" errors="0" failures="0" skipped="0" time="0.012162">
        <testcase name="testHandleSuccessfullyFindsCar" file="/var/www/html/tests/Application/QueryHandler/FindCarHandlerTest.php" line="29" class="App\Tests\Application\QueryHandler\FindCarHandlerTest" classname="App.Tests.Application.QueryHandler.FindCarHandlerTest" assertions="6" time="0.007271"/>
        <testcase name="testHandleCarNotFoundThrowsException" file="/var/www/html/tests/Application/QueryHandler/FindCarHandlerTest.php" line="61" class="App\Tests\Application\QueryHandler\FindCarHandlerTest" classname="App.Tests.Application.QueryHandler.FindCarHandlerTest" assertions="6" time="0.002513"/>
        <testcase name="testHandleThrowsRuntimeExceptionOnError" file="/var/www/html/tests/Application/QueryHandler/FindCarHandlerTest.php" line="90" class="App\Tests\Application\QueryHandler\FindCarHandlerTest" classname="App.Tests.Application.QueryHandler.FindCarHandlerTest" assertions="5" time="0.002378"/>
      </testsuite>
      <testsuite name="App\Tests\Application\QueryHandler\FindCarsFitForRoadHandlerTest" file="/var/www/html/tests/Application/QueryHandler/FindCarsFitForRoadHandlerTest.php" tests="2" assertions="9" errors="0" failures="0" skipped="0" time="0.011287">
        <testcase name="testHandleSuccessfullyFindsCarsFitForRoad" file="/var/www/html/tests/Application/QueryHandler/FindCarsFitForRoadHandlerTest.php" line="28" class="App\Tests\Application\QueryHandler\FindCarsFitForRoadHandlerTest" classname="App.Tests.Application.QueryHandler.FindCarsFitForRoadHandlerTest" assertions="5" time="0.008587"/>
        <testcase name="testHandleThrowsRuntimeExceptionOnError" file="/var/www/html/tests/Application/QueryHandler/FindCarsFitForRoadHandlerTest.php" line="55" class="App\Tests\Application\QueryHandler\FindCarsFitForRoadHandlerTest" classname="App.Tests.Application.QueryHandler.FindCarsFitForRoadHandlerTest" assertions="4" time="0.002700"/>
      </testsuite>
      <testsuite name="App\Tests\Application\QueryHandler\FindCarsUnfitForRoadHandlerTest" file="/var/www/html/tests/Application/QueryHandler/FindCarsUnfitForRoadHandlerTest.php" tests="2" assertions="9" errors="0" failures="0" skipped="0" time="0.008872">
        <testcase name="testHandleSuccessfullyFindsCarsUnfitForRoad" file="/var/www/html/tests/Application/QueryHandler/FindCarsUnfitForRoadHandlerTest.php" line="28" class="App\Tests\Application\QueryHandler\FindCarsUnfitForRoadHandlerTest" classname="App.Tests.Application.QueryHandler.FindCarsUnfitForRoadHandlerTest" assertions="5" time="0.006299"/>
        <testcase name="testHandleThrowsRuntimeExceptionOnError" file="/var/www/html/tests/Application/QueryHandler/FindCarsUnfitForRoadHandlerTest.php" line="55" class="App\Tests\Application\QueryHandler\FindCarsUnfitForRoadHandlerTest" classname="App.Tests.Application.QueryHandler.FindCarsUnfitForRoadHandlerTest" assertions="4" time="0.002573"/>
      </testsuite>
      <testsuite name="App\Tests\Application\Service\LoggerServiceTest" file="/var/www/html/tests/Application/Service/LoggerServiceTest.php" tests="3" assertions="3" errors="0" failures="0" skipped="0" time="0.008575">
        <testcase name="testLogInfo" file="/var/www/html/tests/Application/Service/LoggerServiceTest.php" line="22" class="App\Tests\Application\Service\LoggerServiceTest" classname="App.Tests.Application.Service.LoggerServiceTest" assertions="1" time="0.004116"/>
        <testcase name="testLogError" file="/var/www/html/tests/Application/Service/LoggerServiceTest.php" line="33" class="App\Tests\Application\Service\LoggerServiceTest" classname="App.Tests.Application.Service.LoggerServiceTest" assertions="1" time="0.002202"/>
        <testcase name="testLogDebug" file="/var/www/html/tests/Application/Service/LoggerServiceTest.php" line="44" class="App\Tests\Application\Service\LoggerServiceTest" classname="App.Tests.Application.Service.LoggerServiceTest" assertions="1" time="0.002258"/>
      </testsuite>
      <testsuite name="App\Tests\Domain\Car\CarTest" file="/var/www/html/tests/Domain/Car/CarTest.php" tests="7" assertions="17" errors="0" failures="0" skipped="0" time="0.017809">
        <testcase name="testCarConstructorAndGetters" file="/var/www/html/tests/Domain/Car/CarTest.php" line="25" class="App\Tests\Domain\Car\CarTest" classname="App.Tests.Domain.Car.CarTest" assertions="6" time="0.002366"/>
        <testcase name="testIsFitForRoad" file="/var/www/html/tests/Domain/Car/CarTest.php" line="35" class="App\Tests\Domain\Car\CarTest" classname="App.Tests.Domain.Car.CarTest" assertions="1" time="0.002762"/>
        <testcase name="testAddServiceHistory" file="/var/www/html/tests/Domain/Car/CarTest.php" line="40" class="App\Tests\Domain\Car\CarTest" classname="App.Tests.Domain.Car.CarTest" assertions="1" time="0.002330"/>
        <testcase name="testAddServiceHistoryWithFutureDateThrowsException" file="/var/www/html/tests/Domain/Car/CarTest.php" line="49" class="App\Tests\Domain\Car\CarTest" classname="App.Tests.Domain.Car.CarTest" assertions="2" time="0.002303"/>
        <testcase name="testRemoveServiceHistory" file="/var/www/html/tests/Domain/Car/CarTest.php" line="60" class="App\Tests\Domain\Car\CarTest" classname="App.Tests.Domain.Car.CarTest" assertions="2" time="0.002580"/>
        <testcase name="testUpdateDetails" file="/var/www/html/tests/Domain/Car/CarTest.php" line="72" class="App\Tests\Domain\Car\CarTest" classname="App.Tests.Domain.Car.CarTest" assertions="2" time="0.002300"/>
        <testcase name="testListServiceHistories" file="/var/www/html/tests/Domain/Car/CarTest.php" line="79" class="App\Tests\Domain\Car\CarTest" classname="App.Tests.Domain.Car.CarTest" assertions="3" time="0.003168"/>
      </testsuite>
      <testsuite name="App\Tests\Domain\Car\ValueObject\FitnessTest" file="/var/www/html/tests/Domain/Car/ValueObject/FitnessTest.php" tests="3" assertions="8" errors="0" failures="0" skipped="0" time="0.011664">
        <testcase name="testValidFitness" file="/var/www/html/tests/Domain/Car/ValueObject/FitnessTest.php" line="22" class="App\Tests\Domain\Car\ValueObject\FitnessTest" classname="App.Tests.Domain.Car.ValueObject.FitnessTest" assertions="4" time="0.005723"/>
        <testcase name="testInvalidFutureIssuedDate" file="/var/www/html/tests/Domain/Car/ValueObject/FitnessTest.php" line="37" class="App\Tests\Domain\Car\ValueObject\FitnessTest" classname="App.Tests.Domain.Car.ValueObject.FitnessTest" assertions="2" time="0.003111"/>
        <testcase name="testValidUntilBeforeIssuedDate" file="/var/www/html/tests/Domain/Car/ValueObject/FitnessTest.php" line="49" class="App\Tests\Domain\Car\ValueObject\FitnessTest" classname="App.Tests.Domain.Car.ValueObject.FitnessTest" assertions="2" time="0.002831"/>
      </testsuite>
      <testsuite name="App\Tests\Domain\Car\ValueObject\InsuranceTest" file="/var/www/html/tests/Domain/Car/ValueObject/InsuranceTest.php" tests="3" assertions="7" errors="0" failures="0" skipped="0" time="0.011158">
        <testcase name="testInsuranceConstructorAndGetters" file="/var/www/html/tests/Domain/Car/ValueObject/InsuranceTest.php" line="10" class="App\Tests\Domain\Car\ValueObject\InsuranceTest" classname="App.Tests.Domain.Car.ValueObject.InsuranceTest" assertions="5" time="0.004344"/>
        <testcase name="testIsValidReturnsTrueWhenDateExpiryInFuture" file="/var/www/html/tests/Domain/Car/ValueObject/InsuranceTest.php" line="27" class="App\Tests\Domain\Car\ValueObject\InsuranceTest" classname="App.Tests.Domain.Car.ValueObject.InsuranceTest" assertions="1" time="0.003248"/>
        <testcase name="testIsValidReturnsFalseWhenDateExpiryInPast" file="/var/www/html/tests/Domain/Car/ValueObject/InsuranceTest.php" line="40" class="App\Tests\Domain\Car\ValueObject\InsuranceTest" classname="App.Tests.Domain.Car.ValueObject.InsuranceTest" assertions="1" time="0.003566"/>
      </testsuite>
      <testsuite name="App\Tests\Domain\Car\ValueObject\RoadTaxTest" file="/var/www/html/tests/Domain/Car/ValueObject/RoadTaxTest.php" tests="3" assertions="4" errors="0" failures="0" skipped="0" time="0.010708">
        <testcase name="testRoadTaxConstructorAndGetters" file="/var/www/html/tests/Domain/Car/ValueObject/RoadTaxTest.php" line="10" class="App\Tests\Domain\Car\ValueObject\RoadTaxTest" classname="App.Tests.Domain.Car.ValueObject.RoadTaxTest" assertions="2" time="0.004045"/>
        <testcase name="testIsValidReturnsTrueWhenValidUntilInFuture" file="/var/www/html/tests/Domain/Car/ValueObject/RoadTaxTest.php" line="21" class="App\Tests\Domain\Car\ValueObject\RoadTaxTest" classname="App.Tests.Domain.Car.ValueObject.RoadTaxTest" assertions="1" time="0.003688"/>
        <testcase name="testIsValidReturnsFalseWhenValidUntilInPast" file="/var/www/html/tests/Domain/Car/ValueObject/RoadTaxTest.php" line="31" class="App\Tests\Domain\Car\ValueObject\RoadTaxTest" classname="App.Tests.Domain.Car.ValueObject.RoadTaxTest" assertions="1" time="0.002975"/>
      </testsuite>
      <testsuite name="App\Tests\Domain\ServiceHistory\ServiceHistoryTest" file="/var/www/html/tests/Domain/ServiceHistory/ServiceHistoryTest.php" tests="4" assertions="9" errors="0" failures="0" skipped="0" time="0.018848">
        <testcase name="testServiceHistoryConstructorAndGetters" file="/var/www/html/tests/Domain/ServiceHistory/ServiceHistoryTest.php" line="26" class="App\Tests\Domain\ServiceHistory\ServiceHistoryTest" classname="App.Tests.Domain.ServiceHistory.ServiceHistoryTest" assertions="3" time="0.003487"/>
        <testcase name="testServiceHistoryWithFutureDateThrowsValidationError" file="/var/www/html/tests/Domain/ServiceHistory/ServiceHistoryTest.php" line="38" class="App\Tests\Domain\ServiceHistory\ServiceHistoryTest" classname="App.Tests.Domain.ServiceHistory.ServiceHistoryTest" assertions="2" time="0.007120"/>
        <testcase name="testServiceHistoryWithShortDescriptionThrowsValidationError" file="/var/www/html/tests/Domain/ServiceHistory/ServiceHistoryTest.php" line="50" class="App\Tests\Domain\ServiceHistory\ServiceHistoryTest" classname="App.Tests.Domain.ServiceHistory.ServiceHistoryTest" assertions="2" time="0.003172"/>
        <testcase name="testServiceHistoryWithBlankDescriptionThrowsValidationError" file="/var/www/html/tests/Domain/ServiceHistory/ServiceHistoryTest.php" line="62" class="App\Tests\Domain\ServiceHistory\ServiceHistoryTest" classname="App.Tests.Domain.ServiceHistory.ServiceHistoryTest" assertions="2" time="0.005068"/>
      </testsuite>
      <testsuite name="App\Tests\Infrastructure\Repository\CarRepositoryTest" file="/var/www/html/tests/Infrastructure/Repository/CarRepositoryTest.php" tests="5" assertions="12" errors="0" failures="0" skipped="0" time="0.043319">
        <testcase name="testSaveCar" file="/var/www/html/tests/Infrastructure/Repository/CarRepositoryTest.php" line="26" class="App\Tests\Infrastructure\Repository\CarRepositoryTest" classname="App.Tests.Infrastructure.Repository.CarRepositoryTest" assertions="1" time="0.024740"/>
        <testcase name="testRemoveCar" file="/var/www/html/tests/Infrastructure/Repository/CarRepositoryTest.php" line="40" class="App\Tests\Infrastructure\Repository\CarRepositoryTest" classname="App.Tests.Infrastructure.Repository.CarRepositoryTest" assertions="1" time="0.005065"/>
        <testcase name="testFindByRegistrationNumber" file="/var/www/html/tests/Infrastructure/Repository/CarRepositoryTest.php" line="54" class="App\Tests\Infrastructure\Repository\CarRepositoryTest" classname="App.Tests.Infrastructure.Repository.CarRepositoryTest" assertions="3" time="0.002919"/>
        <testcase name="testFindCarsFitForRoad" file="/var/www/html/tests/Infrastructure/Repository/CarRepositoryTest.php" line="75" class="App\Tests\Infrastructure\Repository\CarRepositoryTest" classname="App.Tests.Infrastructure.Repository.CarRepositoryTest" assertions="4" time="0.005611"/>
        <testcase name="testFindCarsUnfitForRoad" file="/var/www/html/tests/Infrastructure/Repository/CarRepositoryTest.php" line="101" class="App\Tests\Infrastructure\Repository\CarRepositoryTest" classname="App.Tests.Infrastructure.Repository.CarRepositoryTest" assertions="3" time="0.004985"/>
      </testsuite>
      <testsuite name="App\Tests\Infrastructure\Repository\ServiceHistoryRepositoryTest" file="/var/www/html/tests/Infrastructure/Repository/ServiceHistoryRepositoryTest.php" tests="4" assertions="8" errors="0" failures="0" skipped="0" time="0.018163">
        <testcase name="testSaveServiceHistory" file="/var/www/html/tests/Infrastructure/Repository/ServiceHistoryRepositoryTest.php" line="24" class="App\Tests\Infrastructure\Repository\ServiceHistoryRepositoryTest" classname="App.Tests.Infrastructure.Repository.ServiceHistoryRepositoryTest" assertions="1" time="0.007052"/>
        <testcase name="testRemoveServiceHistory" file="/var/www/html/tests/Infrastructure/Repository/ServiceHistoryRepositoryTest.php" line="38" class="App\Tests\Infrastructure\Repository\ServiceHistoryRepositoryTest" classname="App.Tests.Infrastructure.Repository.ServiceHistoryRepositoryTest" assertions="1" time="0.002763"/>
        <testcase name="testFindServiceHistoryById" file="/var/www/html/tests/Infrastructure/Repository/ServiceHistoryRepositoryTest.php" line="52" class="App\Tests\Infrastructure\Repository\ServiceHistoryRepositoryTest" classname="App.Tests.Infrastructure.Repository.ServiceHistoryRepositoryTest" assertions="3" time="0.003540"/>
        <testcase name="testFindServiceHistoryByIdReturnsNull" file="/var/www/html/tests/Infrastructure/Repository/ServiceHistoryRepositoryTest.php" line="72" class="App\Tests\Infrastructure\Repository\ServiceHistoryRepositoryTest" classname="App.Tests.Infrastructure.Repository.ServiceHistoryRepositoryTest" assertions="3" time="0.004808"/>
      </testsuite>
      <testsuite name="App\Tests\Presentation\Controller\CarControllerTest" file="/var/www/html/tests/Presentation/Controller/CarControllerTest.php" tests="17" assertions="71" errors="0" failures="0" skipped="0" time="0.100192">
        <testcase name="testCreateCarSuccessfully" file="/var/www/html/tests/Presentation/Controller/CarControllerTest.php" line="112" class="App\Tests\Presentation\Controller\CarControllerTest" classname="App.Tests.Presentation.Controller.CarControllerTest" assertions="5" time="0.038070"/>
        <testcase name="testCreateCarWithInvalidData" file="/var/www/html/tests/Presentation/Controller/CarControllerTest.php" line="133" class="App\Tests\Presentation\Controller\CarControllerTest" classname="App.Tests.Presentation.Controller.CarControllerTest" assertions="4" time="0.003990"/>
        <testcase name="testCreateCarThrowsException" file="/var/www/html/tests/Presentation/Controller/CarControllerTest.php" line="205" class="App\Tests\Presentation\Controller\CarControllerTest" classname="App.Tests.Presentation.Controller.CarControllerTest" assertions="4" time="0.004970"/>
        <testcase name="testFindCarSuccessfully" file="/var/www/html/tests/Presentation/Controller/CarControllerTest.php" line="235" class="App\Tests\Presentation\Controller\CarControllerTest" classname="App.Tests.Presentation.Controller.CarControllerTest" assertions="4" time="0.003369"/>
        <testcase name="testFindCarValidationError" file="/var/www/html/tests/Presentation/Controller/CarControllerTest.php" line="254" class="App\Tests\Presentation\Controller\CarControllerTest" classname="App.Tests.Presentation.Controller.CarControllerTest" assertions="4" time="0.003390"/>
        <testcase name="testFindCarNotFound" file="/var/www/html/tests/Presentation/Controller/CarControllerTest.php" line="275" class="App\Tests\Presentation\Controller\CarControllerTest" classname="App.Tests.Presentation.Controller.CarControllerTest" assertions="4" time="0.003255"/>
        <testcase name="testFindCarException" file="/var/www/html/tests/Presentation/Controller/CarControllerTest.php" line="292" class="App\Tests\Presentation\Controller\CarControllerTest" classname="App.Tests.Presentation.Controller.CarControllerTest" assertions="4" time="0.004508"/>
        <testcase name="testFindCarsFitForRoadSuccessfully" file="/var/www/html/tests/Presentation/Controller/CarControllerTest.php" line="312" class="App\Tests\Presentation\Controller\CarControllerTest" classname="App.Tests.Presentation.Controller.CarControllerTest" assertions="4" time="0.005164"/>
        <testcase name="testFindCarsFitForRoadException" file="/var/www/html/tests/Presentation/Controller/CarControllerTest.php" line="336" class="App\Tests\Presentation\Controller\CarControllerTest" classname="App.Tests.Presentation.Controller.CarControllerTest" assertions="4" time="0.005293"/>
        <testcase name="testFindCarsUnfitForRoadSuccessfully" file="/var/www/html/tests/Presentation/Controller/CarControllerTest.php" line="354" class="App\Tests\Presentation\Controller\CarControllerTest" classname="App.Tests.Presentation.Controller.CarControllerTest" assertions="4" time="0.003957"/>
        <testcase name="testFindCarsUnfitForRoadException" file="/var/www/html/tests/Presentation/Controller/CarControllerTest.php" line="373" class="App\Tests\Presentation\Controller\CarControllerTest" classname="App.Tests.Presentation.Controller.CarControllerTest" assertions="4" time="0.003422"/>
        <testcase name="testUpdateCarSuccessfully" file="/var/www/html/tests/Presentation/Controller/CarControllerTest.php" line="391" class="App\Tests\Presentation\Controller\CarControllerTest" classname="App.Tests.Presentation.Controller.CarControllerTest" assertions="5" time="0.003268"/>
        <testcase name="testUpdateCarNotFound" file="/var/www/html/tests/Presentation/Controller/CarControllerTest.php" line="412" class="App\Tests\Presentation\Controller\CarControllerTest" classname="App.Tests.Presentation.Controller.CarControllerTest" assertions="4" time="0.003219"/>
        <testcase name="testUpdateCarException" file="/var/www/html/tests/Presentation/Controller/CarControllerTest.php" line="433" class="App\Tests\Presentation\Controller\CarControllerTest" classname="App.Tests.Presentation.Controller.CarControllerTest" assertions="4" time="0.003331"/>
        <testcase name="testDeleteCarSuccessfully" file="/var/www/html/tests/Presentation/Controller/CarControllerTest.php" line="453" class="App\Tests\Presentation\Controller\CarControllerTest" classname="App.Tests.Presentation.Controller.CarControllerTest" assertions="5" time="0.003249"/>
        <testcase name="testDeleteCarNotFound" file="/var/www/html/tests/Presentation/Controller/CarControllerTest.php" line="469" class="App\Tests\Presentation\Controller\CarControllerTest" classname="App.Tests.Presentation.Controller.CarControllerTest" assertions="4" time="0.003205"/>
        <testcase name="testDeleteCarException" file="/var/www/html/tests/Presentation/Controller/CarControllerTest.php" line="485" class="App\Tests\Presentation\Controller\CarControllerTest" classname="App.Tests.Presentation.Controller.CarControllerTest" assertions="4" time="0.004532"/>
      </testsuite>
      <testsuite name="App\Tests\Presentation\Controller\ServiceHistoryControllerTest" file="/var/www/html/tests/Presentation/Controller/ServiceHistoryControllerTest.php" tests="5" assertions="16" errors="0" failures="0" skipped="0" time="0.024137">
        <testcase name="testAddServiceHistorySuccessfully" file="/var/www/html/tests/Presentation/Controller/ServiceHistoryControllerTest.php" line="36" class="App\Tests\Presentation\Controller\ServiceHistoryControllerTest" classname="App.Tests.Presentation.Controller.ServiceHistoryControllerTest" assertions="5" time="0.011819"/>
        <testcase name="testAddServiceHistoryValidationError" file="/var/www/html/tests/Presentation/Controller/ServiceHistoryControllerTest.php" line="67" class="App\Tests\Presentation\Controller\ServiceHistoryControllerTest" classname="App.Tests.Presentation.Controller.ServiceHistoryControllerTest" assertions="2" time="0.003581"/>
        <testcase name="testAddServiceHistoryException" file="/var/www/html/tests/Presentation/Controller/ServiceHistoryControllerTest.php" line="104" class="App\Tests\Presentation\Controller\ServiceHistoryControllerTest" classname="App.Tests.Presentation.Controller.ServiceHistoryControllerTest" assertions="2" time="0.003060"/>
        <testcase name="testDeleteServiceHistorySuccessfully" file="/var/www/html/tests/Presentation/Controller/ServiceHistoryControllerTest.php" line="129" class="App\Tests\Presentation\Controller\ServiceHistoryControllerTest" classname="App.Tests.Presentation.Controller.ServiceHistoryControllerTest" assertions="5" time="0.002856"/>
        <testcase name="testDeleteServiceHistoryNotFound" file="/var/www/html/tests/Presentation/Controller/ServiceHistoryControllerTest.php" line="146" class="App\Tests\Presentation\Controller\ServiceHistoryControllerTest" classname="App.Tests.Presentation.Controller.ServiceHistoryControllerTest" assertions="2" time="0.002820"/>
      </testsuite>
    </testsuite>
  </testsuite>
</testsuites>
